<?xml version="1.0" encoding="UTF-8"?>
<testsuite xmlns:xsi="http://www.w3.org/2001/XMLSchema-instance" xsi:noNamespaceSchemaLocation="https://maven.apache.org/surefire/maven-surefire-plugin/xsd/surefire-test-report-3.0.xsd" version="3.0" name="br.edu.ifsul.cc.lpoo.academia_danca.test.TestPersistenciaTeste" time="2.393" tests="1" errors="0" skipped="0" failures="0">
  <properties>
[...]
</properties>
  <testcase name="testePagamento" classname="br.edu.ifsul.cc.lpoo.academia_danca.test.TestPersistenciaTeste" time="0.04">
    <system-out><![CDATA[Hibernate: alter table ItensContrato drop constraint FKphynfeo4sxpd60eyxo5nr3ya4
Hibernate: alter table Pacote drop constraint FK6dyuayf0jevcpws6uyrn51275
Hibernate: alter table Pagamento drop constraint FK6u2whu7u8cmalc63r3rcrwn83
Hibernate: alter table Pessoas_FolhaPagamento drop constraint FK1w1vwf7cb8v16sg9p5jdd709v
Hibernate: alter table Pessoas_FolhaPagamento drop constraint FKrdrja7l3crq6k7o2ys4dkp4r1
Hibernate: alter table Pessoas_Modalidade drop constraint FK3egxq90olkfwgp95chg5d33xa
Hibernate: alter table Pessoas_Modalidade drop constraint FKaruesn8kl07kiim73g2hbu71x
Hibernate: drop table if exists Contrato cascade
Hibernate: drop table if exists FolhaPagamento cascade
Hibernate: drop table if exists ItensContrato cascade
Hibernate: drop table if exists Modalidade cascade
Hibernate: drop table if exists Pacote cascade
Hibernate: drop table if exists Pagamento cascade
Hibernate: drop table if exists Pessoas cascade
Hibernate: drop table if exists Pessoas_FolhaPagamento cascade
Hibernate: drop table if exists Pessoas_Modalidade cascade
Hibernate: drop sequence if exists hibernate_sequence
Hibernate: create sequence hibernate_sequence start 1 increment 1
Hibernate: create table Contrato (id int4 not null, data_inicio timestamp not null, forma_pagamento varchar(255) not null, valor_desconto float8, primary key (id))
Hibernate: create table FolhaPagamento (id int4 not null, data_pagamento timestamp, valor_receber float8, primary key (id))
Hibernate: create table ItensContrato (idContrato int4 not null, contratos_id int4, primary key (idContrato))
Hibernate: create table Modalidade (id int4 not null, descricao varchar(155) not null, primary key (id))
Hibernate: create table Pacote (id int4 not null, descricao varchar(120) not null, valor decimal(12,2) not null, modalidade_id int4 not null, primary key (id))
Hibernate: create table Pagamento (id int4 not null, data_pagamento timestamp, data_vencimento timestamp not null, valor decimal(12,2), valor_pagamento decimal(12,2), Contrato int4 not null, primary key (id))
Hibernate: create table Pessoas (DTYPE varchar(31) not null, id int4 not null, data_aniversario timestamp, email varchar(255), endereco varchar(255), telefone varchar(255), nome_pessoa varchar(255), data_admissao date, data_inicio date, data_pagamento_dia int4, primary key (id))
Hibernate: create table Pessoas_FolhaPagamento (Professores_id int4 not null, folhaPag_id int4 not null)
Hibernate: create table Pessoas_Modalidade (Professores_id int4 not null, modalidade_id int4 not null)
Hibernate: alter table Pessoas_FolhaPagamento add constraint UK_60bepclmof0gplmvoh62aqtv9 unique (folhaPag_id)
Hibernate: alter table Pessoas_Modalidade add constraint UK_1yxhlperbl6xw9af1bjvaaew8 unique (modalidade_id)
Hibernate: alter table ItensContrato add constraint FKphynfeo4sxpd60eyxo5nr3ya4 foreign key (contratos_id) references Contrato
Hibernate: alter table Pacote add constraint FK6dyuayf0jevcpws6uyrn51275 foreign key (modalidade_id) references Modalidade
Hibernate: alter table Pagamento add constraint FK6u2whu7u8cmalc63r3rcrwn83 foreign key (Contrato) references Contrato
Hibernate: alter table Pessoas_FolhaPagamento add constraint FK1w1vwf7cb8v16sg9p5jdd709v foreign key (folhaPag_id) references FolhaPagamento
Hibernate: alter table Pessoas_FolhaPagamento add constraint FKrdrja7l3crq6k7o2ys4dkp4r1 foreign key (Professores_id) references Pessoas
Hibernate: alter table Pessoas_Modalidade add constraint FK3egxq90olkfwgp95chg5d33xa foreign key (modalidade_id) references Modalidade
Hibernate: alter table Pessoas_Modalidade add constraint FKaruesn8kl07kiim73g2hbu71x foreign key (Professores_id) references Pessoas
Hibernate: select nextval ('hibernate_sequence')
Hibernate: insert into Contrato (data_inicio, forma_pagamento, valor_desconto, id) values (?, ?, ?, ?)
Hibernate: select nextval ('hibernate_sequence')
Hibernate: insert into Pagamento (Contrato, data_pagamento, data_vencimento, valor, valor_pagamento, id) values (?, ?, ?, ?, ?, ?)
]]></system-out>
    <system-err><![CDATA[jul 09, 2024 9:28:50 AM org.hibernate.ejb.HibernatePersistence logDeprecation
WARN: HHH015016: Encountered a deprecated javax.persistence.spi.PersistenceProvider [org.hibernate.ejb.HibernatePersistence]; use [org.hibernate.jpa.HibernatePersistenceProvider] instead.
jul 09, 2024 9:28:50 AM org.hibernate.ejb.HibernatePersistence logDeprecation
WARN: HHH015016: Encountered a deprecated javax.persistence.spi.PersistenceProvider [org.hibernate.ejb.HibernatePersistence]; use [org.hibernate.jpa.HibernatePersistenceProvider] instead.
jul 09, 2024 9:28:50 AM org.hibernate.jpa.internal.util.LogHelper logPersistenceUnitInformation
INFO: HHH000204: Processing PersistenceUnitInfo [
	name: pu_academia_danca
	...]
jul 09, 2024 9:28:50 AM org.hibernate.Version logVersion
INFO: HHH000412: Hibernate Core {5.3.3.Final}
jul 09, 2024 9:28:50 AM org.hibernate.cfg.Environment <clinit>
INFO: HHH000206: hibernate.properties not found
jul 09, 2024 9:28:50 AM org.hibernate.annotations.common.reflection.java.JavaReflectionManager <clinit>
INFO: HCANN000001: Hibernate Commons Annotations {5.0.4.Final}
jul 09, 2024 9:28:51 AM org.hibernate.engine.jdbc.connections.internal.DriverManagerConnectionProviderImpl configure
WARN: HHH10001002: Using Hibernate built-in connection pool (not for production use!)
jul 09, 2024 9:28:51 AM org.hibernate.engine.jdbc.connections.internal.DriverManagerConnectionProviderImpl buildCreator
INFO: HHH10001005: using driver [org.postgresql.Driver] at URL [jdbc:postgresql://localhost:5432/academiaDanca]
jul 09, 2024 9:28:51 AM org.hibernate.engine.jdbc.connections.internal.DriverManagerConnectionProviderImpl buildCreator
INFO: HHH10001001: Connection properties: {password=****, user=postgres}
jul 09, 2024 9:28:51 AM org.hibernate.engine.jdbc.connections.internal.DriverManagerConnectionProviderImpl buildCreator
INFO: HHH10001003: Autocommit mode: false
jul 09, 2024 9:28:51 AM org.hibernate.engine.jdbc.connections.internal.DriverManagerConnectionProviderImpl$PooledConnections <init>
INFO: HHH000115: Hibernate connection pool size: 20 (min=1)
jul 09, 2024 9:28:51 AM org.hibernate.dialect.Dialect <init>
INFO: HHH000400: Using dialect: org.hibernate.dialect.PostgreSQLDialect
jul 09, 2024 9:28:51 AM org.hibernate.engine.jdbc.env.internal.LobCreatorBuilderImpl useContextualLobCreation
INFO: HHH000424: Disabling contextual LOB creation as createClob() method threw error : java.lang.reflect.InvocationTargetException
jul 09, 2024 9:28:51 AM org.hibernate.type.BasicTypeRegistry register
INFO: HHH000270: Type registration [java.util.UUID] overrides previous : org.hibernate.type.UUIDBinaryType@790132f7
jul 09, 2024 9:28:52 AM org.hibernate.resource.transaction.backend.jdbc.internal.DdlTransactionIsolatorNonJtaImpl getIsolatedConnection
INFO: HHH10001501: Connection obtained from JdbcConnectionAccess [org.hibernate.engine.jdbc.env.internal.JdbcEnvironmentInitiator$ConnectionProviderJdbcConnectionAccess@3b42121d] for (non-JTA) DDL execution was not in auto-commit mode; the Connection 'local transaction' will be committed and the Connection will be set into auto-commit mode.
jul 09, 2024 9:28:52 AM org.hibernate.resource.transaction.backend.jdbc.internal.DdlTransactionIsolatorNonJtaImpl getIsolatedConnection
INFO: HHH10001501: Connection obtained from JdbcConnectionAccess [org.hibernate.engine.jdbc.env.internal.JdbcEnvironmentInitiator$ConnectionProviderJdbcConnectionAccess@4fb56bea] for (non-JTA) DDL execution was not in auto-commit mode; the Connection 'local transaction' will be committed and the Connection will be set into auto-commit mode.
jul 09, 2024 9:28:52 AM org.hibernate.tool.schema.internal.SchemaCreatorImpl applyImportSources
INFO: HHH000476: Executing import script 'org.hibernate.tool.schema.internal.exec.ScriptSourceInputNonExistentImpl@626c19cf'
]]></system-err>
  </testcase>
</testsuite>